
**** 12/12/21 21:18:26 *********** Evaluation PSpice (Nov 1999) **************

 * C:\Users\Zulfiqar\Desktop\supply\Schematic3.sch


 ****     CIRCUIT DESCRIPTION


******************************************************************************




* Schematics Version 9.1 - Web Update 1
* Sun Dec 12 21:18:23 2021



** Analysis setup **
.OP 


* From [PSPICE NETLIST] section of pspiceev.ini:
.lib "nom.lib"

.INC "Schematic3.net"

**** INCLUDING Schematic3.net ****
* Schematics Netlist *



R_R1         $N_0002 $N_0001  820  
R_R2         $N_0001 Vin  820  
R_R4         $N_0003 $N_0002  820  
R_R5         $N_0005 $N_0004  1k  
D_D1         $N_0004 0 Dbreak 
D_D2         $N_0006 0 Dbreak 
D_D3         $N_0007 0 Dbreak 
D_D4         $N_0008 0 Dbreak 
R_R6         $N_0009 $N_0008  1k  
X_U1A         $N_0010 $N_0001 6v 0 $N_0009 LM324
X_U2A         $N_0010 Vin 6v 0 $N_0005 LM324
R_R7         $N_0011 $N_0006  1k  
X_U3A         $N_0010 $N_0003 12v 0 $N_0011 LM324
R_R8         $N_0012 $N_0007  1k  
X_U4A         $N_0010 $N_0002 6v 0 $N_0012 LM324
R_R9         $N_0003 0  2.7k  
V_V1         Vin 0 6.002V
R_R3         Vin 6v  270  

**** RESUMING Schematic3.cir ****
.INC "Schematic3.als"



**** INCLUDING Schematic3.als ****
* Schematics Aliases *

.ALIASES
R_R1            R1(1=$N_0002 2=$N_0001 )
R_R2            R2(1=$N_0001 2=Vin )
R_R4            R4(1=$N_0003 2=$N_0002 )
R_R5            R5(1=$N_0005 2=$N_0004 )
D_D1            D1(1=$N_0004 2=0 )
D_D2            D2(1=$N_0006 2=0 )
D_D3            D3(1=$N_0007 2=0 )
D_D4            D4(1=$N_0008 2=0 )
R_R6            R6(1=$N_0009 2=$N_0008 )
X_U1A           U1A(+=$N_0010 -=$N_0001 V+=6v V-=0 OUT=$N_0009 )
X_U2A           U2A(+=$N_0010 -=Vin V+=6v V-=0 OUT=$N_0005 )
R_R7            R7(1=$N_0011 2=$N_0006 )
X_U3A           U3A(+=$N_0010 -=$N_0003 V+=12v V-=0 OUT=$N_0011 )
R_R8            R8(1=$N_0012 2=$N_0007 )
X_U4A           U4A(+=$N_0010 -=$N_0002 V+=6v V-=0 OUT=$N_0012 )
R_R9            R9(1=$N_0003 2=0 )
V_V1            V1(+=Vin -=0 )
R_R3            R3(1=Vin 2=6v )
_    _(12v=12v)
_    _(Vin=Vin)
_    _(6v=6v)
.ENDALIASES


**** RESUMING Schematic3.cir ****
.probe


.END


**** EXPANSION OF SUBCIRCUIT X_U4A ****
X_U4A.c1 X_U4A.11 X_U4A.12 2.887E-12

ERROR -- EVALUATION VERSION analog Node Limit (64 Nodes) Exceeded!




ABORTING SIMULATION
**** 12/12/21 21:18:26 *********** Evaluation PSpice (Nov 1999) **************

 * C:\Users\Zulfiqar\Desktop\supply\Schematic3.sch


 ****     JOB STATISTICS SUMMARY


******************************************************************************




  NUNODS  NCNODS  NUMNOD   NUMEL  DIODES    BJTS   JFETS   MFETS GASFETS   IGBTS

      14      64      14     106      19       6       0       0       0       0

NDIGITAL   NSTOP   NTTAR   NTTBR   NTTOV   IFILL    IOPS  PERSPA

       0      14       0       0       0       0       0   0.000

  NUMTTP  NUMRTP  NUMNIT   DIGTP  DIGEVT  DIGEVL

       0       0       0       0       0       0

                                 SECONDS      ITERATIONS


          MATRIX SOLUTION           0.00               0

          MATRIX LOAD               0.00


          READIN                    0.00

          SETUP                     0.00

          DC SWEEP                  0.00               0

          BIAS POINT                0.00               0

          AC and NOISE              0.00               0

          TRANSIENT ANALYSIS        0.00               0

          OUTPUT                    0.00

          OVERHEAD                   .03

          TOTAL JOB TIME             .03
