C51 COMPILER V9.60.0.0   RECIVE                                                            06/19/2021 00:45:56 PAGE 1   


C51 COMPILER V9.60.0.0, COMPILATION OF MODULE RECIVE
OBJECT MODULE PLACED IN .\Objects\recive.obj
COMPILER INVOKED BY: C:\Keil_v5\C51\BIN\C51.EXE recive.c OPTIMIZE(8,SPEED) BROWSE DEBUG OBJECTEXTEND PRINT(.\Listings\re
                    -cive.lst) TABS(2) OBJECT(.\Objects\recive.obj)

line level    source

   1          #include <reg51.h>
   2          void MSDelay1(unsigned int);
   3          void SerTx1(unsigned char);
   4          int SerRx1(void);
   5          sbit seg1 = P2^6;
   6          sbit seg2 = P2^7;
   7          unsigned char get;
   8          int i=1,num;
   9          int upper=1;
  10          void main(void){
  11   1      TMOD=0x20;            //use Timer 1, mode 2
  12   1      TH1=0xFD;             //9600 baud rate
  13   1      SCON=0x50;
  14   1      TR1=1;                 //start timer
  15   1      while (1) {
  16   2        num=SerRx1();
  17   2        P1=num;
  18   2        /*seg1=1;
  19   2        seg2=0;
  20   2        P1=P1 && 0x0F;
  21   2        P1=upper;
  22   2        MSDelay1(10);
  23   2        seg1=0;
  24   2        seg2=1;
  25   2        P1=P1 && 0xF0;
  26   2        P1=num;
  27   2        MSDelay1(10);*/
  28   2        
  29   2       
  30   2      
  31   2      
  32   2      }
  33   1      } 
  34          //#######################################################
  35          void MSDelay1(unsigned int itime){
  36   1      unsigned int i,j;
  37   1      for (i=0;i<itime;i++)
  38   1      for (j=0;j<1275;j++);
  39   1      }
  40          
  41          //#####################################################
  42          void SerTx1(unsigned char x){
  43   1      SBUF=x; //place value in buffer
  44   1      while (TI==0); //wait until transmitted
  45   1      TI=0;
  46   1      }
  47          //#############################################
  48          int SerRx1(){
  49   1        while (RI==0); //wait to receive
  50   1        get=SBUF; //save value
  51   1        get=get-'0';
  52   1        RI=0;
  53   1        return get;
  54   1      }
C51 COMPILER V9.60.0.0   RECIVE                                                            06/19/2021 00:45:56 PAGE 2   



MODULE INFORMATION:   STATIC OVERLAYABLE
   CODE SIZE        =     81    ----
   CONSTANT SIZE    =   ----    ----
   XDATA SIZE       =   ----    ----
   PDATA SIZE       =   ----    ----
   DATA SIZE        =      7    ----
   IDATA SIZE       =   ----    ----
   BIT SIZE         =   ----    ----
END OF MODULE INFORMATION.


C51 COMPILATION COMPLETE.  0 WARNING(S),  0 ERROR(S)
