C51 COMPILER V9.60.0.0   TRANS                                                             06/22/2021 15:09:26 PAGE 1   


C51 COMPILER V9.60.0.0, COMPILATION OF MODULE TRANS
OBJECT MODULE PLACED IN .\Objects\trans.obj
COMPILER INVOKED BY: C:\Keil_v5\C51\BIN\C51.EXE trans.c OPTIMIZE(8,SPEED) BROWSE DEBUG OBJECTEXTEND PRINT(.\Listings\tra
                    -ns.lst) TABS(2) OBJECT(.\Objects\trans.obj)

line level    source

   1          #include <reg51.h>
   2          void MSDelay(unsigned int);
   3          void SerTx(unsigned char);
   4          void flicker(int x);
   5          int SerRx(void);
   6          sbit mybit =P3^7;
   7          sbit led =P1^7;
   8          unsigned char get;
   9          int Value;
  10          int i=1;
  11          void main(void){
  12   1      mybit=1;  //make it input
  13   1      TMOD=0x20;            //use Timer 1, mode 2
  14   1      TH1=0xFD;             //9600 baud rate
  15   1      SCON=0x50;
  16   1      TR1=1;                 //start timer
  17   1      while (1) {
  18   2       if(mybit==0){
  19   3           MSDelay(50);
  20   3           P1=i;
  21   3           i=i+1;
  22   3           if(i==10){
  23   4           SerTx('9');
  24   4           Value=SerRx();
  25   4             P1=Value;
  26   4             led=1;
  27   4             MSDelay(500);
  28   4             flicker(Value);
  29   4             led=0;
  30   4             MSDelay(500);
  31   4             flicker(Value);
  32   4             i=0;}
  33   3         }
  34   2            else
  35   2               P2=0x55;
  36   2      }
  37   1      } 
  38          //######################################################
  39          void flicker(int x){
  40   1        led=1;
  41   1        MSDelay(x);
  42   1        led=0;
  43   1        MSDelay(x);
  44   1      }
  45          //#######################################################
  46          void MSDelay(unsigned int itime){
  47   1      unsigned int i,j;
  48   1      for (i=0;i<itime;i++)
  49   1      for (j=0;j<1275;j++);
  50   1      }
  51          
  52          //#####################################################
  53          void SerTx(unsigned char x){
  54   1      SBUF=x; //place value in buffer
C51 COMPILER V9.60.0.0   TRANS                                                             06/22/2021 15:09:26 PAGE 2   

  55   1      while (TI==0); //wait until transmitted
  56   1      TI=0;
  57   1      }
  58          //#############################################
  59          int SerRx(){
  60   1        while (RI==0); //wait to receive
  61   1        get=SBUF; //save value
  62   1        get=get-'0';
  63   1        RI=0;
  64   1        return get;
  65   1      }


MODULE INFORMATION:   STATIC OVERLAYABLE
   CODE SIZE        =    175    ----
   CONSTANT SIZE    =   ----    ----
   XDATA SIZE       =   ----    ----
   PDATA SIZE       =   ----    ----
   DATA SIZE        =      5       2
   IDATA SIZE       =   ----    ----
   BIT SIZE         =   ----    ----
END OF MODULE INFORMATION.


C51 COMPILATION COMPLETE.  0 WARNING(S),  0 ERROR(S)
