C51 COMPILER V9.60.0.0   RECEIVE                                                           06/22/2021 16:37:59 PAGE 1   


C51 COMPILER V9.60.0.0, COMPILATION OF MODULE RECEIVE
OBJECT MODULE PLACED IN .\Objects\receive.obj
COMPILER INVOKED BY: C:\Keil_v5\C51\BIN\C51.EXE receive.c OPTIMIZE(8,SPEED) BROWSE DEBUG OBJECTEXTEND PRINT(.\Listings\r
                    -eceive.lst) TABS(2) OBJECT(.\Objects\receive.obj)

line level    source

   1          #include <reg51.h>
   2          void MSDelay(unsigned int);
   3          void SerTx(unsigned char);
   4          void initialize(void);
   5          void display(void);
   6          unsigned char DisTable[10]={0x3f,0x06,0x5b,0x4f,0x66,0x6d,0x7d,0x07,0x7f,0x6f};
   7          sbit S1 =P2^6;
   8          sbit S2 =P2^7;
   9          sbit check =P2^5;
  10          unsigned char get;
  11          int lower,upper=0;
  12          int i=1;
  13          unsigned char bcdbyte;
  14          unsigned char w;
  15          unsigned char z;
  16          
  17          void main(void){
  18   1      initialize();
  19   1      while (1) {
  20   2        while (RI==0){ //wait to receive
  21   3            display();}
  22   2        get=SBUF; //save value
  23   2        get=get-'0';
  24   2        lower=get;
  25   2        upper=1;
  26   2        w=upper;
  27   2        z=lower;
  28   2        w=w&0x0F;
  29   2        w=w<<4;
  30   2        z=z&0x0F;
  31   2        bcdbyte=w|z;
  32   2        P0=~bcdbyte;
  33   2        display();
  34   2        check=0;
  35   2        SerTx(lower);
  36   2        RI=0;
  37   2        
  38   2      }
  39   1      }
  40          //#####################################################
  41          void initialize(void){
  42   1        TMOD=0x20;            //use Timer 1, mode 2
  43   1        TH1=0xFD;             //9600 baud rate
  44   1        SCON=0x50;
  45   1        TR1=1;  //start timer
  46   1      }
  47          //######################################################
  48          void display(void){
  49   1        int i=0;
  50   1        
  51   1        S1=0;
  52   1        S2=1;
  53   1        P1=DisTable[upper];
  54   1        MSDelay(1);
C51 COMPILER V9.60.0.0   RECEIVE                                                           06/22/2021 16:37:59 PAGE 2   

  55   1        S1=0;
  56   1        S2=0;
  57   1        MSDelay(1);
  58   1        S1=1;
  59   1        S2=0;
  60   1        P1=DisTable[lower];
  61   1        MSDelay(1);
  62   1        S1=0;
  63   1        S2=0;
  64   1        MSDelay(1);
  65   1        
  66   1        
  67   1      }
  68          //#######################################################
  69          void MSDelay(unsigned int itime){
  70   1      unsigned int i,j;
  71   1      for (i=0;i<itime;i++)
  72   1      for (j=0;j<1275;j++);
  73   1      }
  74          
  75          //#####################################################
  76          void SerTx(unsigned char x){
  77   1      SBUF=x; //place value in buffer
  78   1      while (TI==0); //wait until transmitted
  79   1      TI=0;
  80   1      }
  81          


MODULE INFORMATION:   STATIC OVERLAYABLE
   CODE SIZE        =    176    ----
   CONSTANT SIZE    =   ----    ----
   XDATA SIZE       =   ----    ----
   PDATA SIZE       =   ----    ----
   DATA SIZE        =     20       2
   IDATA SIZE       =   ----    ----
   BIT SIZE         =   ----    ----
END OF MODULE INFORMATION.


C51 COMPILATION COMPLETE.  0 WARNING(S),  0 ERROR(S)
