MPASM  5.51                         OVEN1.ASM   5-16-2021  13:46:11         PAGE  1


LOC  OBJECT CODE     LINE SOURCE TEXT
  VALUE

                      00001 ;******************************************************************************
                      00002 ;   This file is a basic template for creating relocatable assembly code for  *
                      00003 ;   a PIC18F8722. Copy this file into your project directory and modify or    *
                      00004 ;   add to it as needed.                                                      *
                      00005 ;                                                                             *
                      00006 ;   The PIC18FXXXX architecture allows two interrupt configurations. This     *
                      00007 ;   template code is written for priority interrupt levels and the IPEN bit   *
                      00008 ;   in the RCON register must be set to enable priority levels. If IPEN is    *
                      00009 ;   left in its default zero state, only the interrupt vector at 0x008 will   *
                      00010 ;   be used and the WREG_TEMP, BSR_TEMP and STATUS_TEMP variables will not    *
                      00011 ;   be needed.                                                                *
                      00012 ;                                                                             *
                      00013 ;   Refer to the MPASM User's Guide for additional information on the         *
                      00014 ;   features of the assembler and linker.                                     *
                      00015 ;                                                                             *
                      00016 ;   Refer to the PIC18FXX22/XX27 Data Sheet for additional information on the *
                      00017 ;   architecture and instruction set.                                         *
                      00018 ;                                                                             *
                      00019 ;******************************************************************************
                      00020 ;                                                                             *
                      00021 ;    Filename:                                                                *
                      00022 ;    Date:                                                                    *
                      00023 ;    File Version:                                                            *
                      00024 ;                                                                             *
                      00025 ;    Author:                                                                  *
                      00026 ;    Company:                                                                 *
                      00027 ;                                                                             * 
                      00028 ;******************************************************************************
                      00029 ;                                                                             *
                      00030 ;    Files required: P18F8722.INC                                             *
                      00031 ;                                                                             *
                      00032 ;******************************************************************************
                      00033 
                      00034         LIST P=18F8722, F=INHX32 ;directive to define processor and file format
                      00035         #include <P18F8722.INC>  ;processor specific variable definitions
                      00001         LIST
                      00002 
                      00003 ;==========================================================================
                      00004 ;  MPASM PIC18F8722 processor include
                      00005 ; 
                      00006 ;  (c) Copyright 1999-2013 Microchip Technology, All rights reserved
                      00007 ;==========================================================================
                      00008 
                      02556         LIST
                      00036 
                      00037 ;******************************************************************************
                      00038 ;Configuration bits
                      00039 ;Microchip has changed the format for defining the configuration bits, please 
                      00040 ;see the .inc file for futher details on notation.  Below are a few examples.
                      00041 
                      00042 
                      00043 
                      00044 ;   Oscillator Selection:
MPASM  5.51                         OVEN1.ASM   5-16-2021  13:46:11         PAGE  2


LOC  OBJECT CODE     LINE SOURCE TEXT
  VALUE

                      00045     CONFIG      OSC = LP             ;LP
                      00046 
                      00047 ;******************************************************************************
                      00048 ;Variable definitions
                      00049 ; These variables are only needed if low priority interrupts are used. 
                      00050 ; More variables may be needed to store other special function registers used
                      00051 ; in the interrupt routines.
                      00052 
                      00053                 UDATA
                      00054 
000000                00055 WREG_TEMP       RES     1       ;variable in RAM for context saving 
000001                00056 STATUS_TEMP     RES     1       ;variable in RAM for context saving
000002                00057 BSR_TEMP        RES     1       ;variable in RAM for context saving
                      00058 
                      00059                 UDATA_ACS
                      00060 
000000                00061 EXAMPLE         RES     1       ;example of a variable in access RAM
                      00062 
                      00063 ;******************************************************************************
                      00064 ;EEPROM data
                      00065 ; Data to be programmed into the Data EEPROM is defined here
                      00066 
                      00067 DATA_EEPROM     CODE    0xf00000
                      00068 
F00000 6554 7473 4420 00069                 DE      "Test Data",0,1,2,3,4,5
       7461 0061 0201 
       0403 0005 
                      00070 
                      00071 ;******************************************************************************
                      00072 ;Reset vector
                      00073 ; This code will start executing when a reset occurs.
                      00074 
                      00075 RESET_VECTOR    CODE    0x0000
                      00076 
000000 EF?? F???      00077                 goto    Main            ;go to start of main code
                      00078 
                      00079 ;******************************************************************************
                      00080 ;High priority interrupt vector
                      00081 ; This code will start executing when a high priority interrupt occurs or
                      00082 ; when any interrupt occurs if interrupt priorities are not enabled.
                      00083 
                      00084 HI_INT_VECTOR   CODE    0x0008
                      00085 
000008 D???           00086                 bra     HighInt         ;go to high priority interrupt routine
                      00087 
                      00088 ;******************************************************************************
                      00089 ;Low priority interrupt vector
                      00090 ; This code will start executing when a low priority interrupt occurs.
                      00091 ; This code can be removed if low priority interrupts are not used.
                      00092 
                      00093 LOW_INT_VECTOR  CODE    0x0018
                      00094 
000018 D???           00095                 bra     LowInt          ;go to low priority interrupt routine
MPASM  5.51                         OVEN1.ASM   5-16-2021  13:46:11         PAGE  3


LOC  OBJECT CODE     LINE SOURCE TEXT
  VALUE

                      00096 
                      00097 ;******************************************************************************
                      00098 ;High priority interrupt routine
                      00099 ; The high priority interrupt code is placed here.
                      00100 
                      00101                 CODE
                      00102 
000000                00103 HighInt:
                      00104 
                      00105 ;       *** high priority interrupt code goes here ***
                      00106 
                      00107 
000000 0011           00108                 retfie  FAST
                      00109 
                      00110 ;******************************************************************************
                      00111 ;Low priority interrupt routine
                      00112 ; The low priority interrupt code is placed here.
                      00113 ; This code can be removed if low priority interrupts are not used.
                      00114 
000002                00115 LowInt:
000002 CFD8 F???      00116                 movff   STATUS,STATUS_TEMP      ;save STATUS register
000006 CFE8 F???      00117                 movff   WREG,WREG_TEMP          ;save working register
00000A CFE0 F???      00118                 movff   BSR,BSR_TEMP            ;save BSR register
                      00119 
                      00120 ;       *** low priority interrupt code goes here ***
                      00121 
                      00122 
00000E C??? FFE0      00123                 movff   BSR_TEMP,BSR            ;restore BSR register
000012 C??? FFE8      00124                 movff   WREG_TEMP,WREG          ;restore working register
000016 C??? FFD8      00125                 movff   STATUS_TEMP,STATUS      ;restore STATUS register
00001A 0010           00126                 retfie
                      00127 
                      00128 ;******************************************************************************
                      00129 ;Start of main program
                      00130 ; The main program code is placed here.
  00000000            00131 R1 equ 0
  00000008            00132 R2 equ 8
  00000009            00133 R3 equ 9
  00000000            00134 P3 equ 0
  00000000            00135 Q3 equ 0
  00000000            00136 Copy  equ 0
  00000000            00137 Copy1  equ 0
00001C                00138 Main:
                      00139 
  00000000            00140 Count  equ 0
  00000000            00141 County  equ 0
  00000001            00142 Count1 equ 1
  00000002            00143 Count2 equ 2
  00000003            00144 Count3 equ 3
  00000004            00145 Count4 equ 4
  00000005            00146 Limit  equ 5
  00000006            00147 Limit1  equ 6
  0000000A            00148 Limit2  equ 0x0A
MPASM  5.51                         OVEN1.ASM   5-16-2021  13:46:11         PAGE  4


LOC  OBJECT CODE     LINE SOURCE TEXT
  VALUE

  00000008            00149 comp  equ   0x8
  00000003            00150 comp1  equ  0x3
  00000004            00151 Check  equ 0x4
  00000005            00152 Check1 equ 0x5
  00000006            00153 Check2 equ 0x6
  00000007            00154 Check3 equ 0x7
  00000008            00155 Limit3  equ 0x08
  00000009            00156 Limit4  equ 0x09
                      00157 
  00000003            00158 NUM   equ 0x3
00001C 0E0A           00159     movlw 0x0A
00001E 6E05           00160     movwf Limit
000020 0E03           00161     movlw 0x03
000022 6E06           00162     movwf Limit1
000024 0E0A           00163     movlw 0x0A
000026 6E0A           00164     movwf Limit2
000028 0E0B           00165     movlw 0x0B
00002A 6E08           00166     movwf Limit3
00002C 0E01           00167     movlw 0x01
00002E 6E09           00168     movwf Limit4
000030 0E01           00169     movlw 0x01
000032 6E00           00170     movwf County
                      00171    
                      00172     
                      00173   
                      00174    
                      00175   
                      00176 
                      00177 
                      00178 ;;;;;;;;;;;;;;;;;;;;;;;;;;;;;;;;;;
                      00179 ;macro for copying immediate value  to some port 
                      00180 SEND MACRO K,REG
                      00181       MOVLW K
                      00182       MOVWF REG
                      00183       ENDM
                      00184 ;;;;;;;;;;;;;;;;;;;;;;;;;;;;;;;;;;
                      00185 ;macro for copying variable to some port
                      00186 MOVLF MACRO K,REG
                      00187       MOVF K,W
                      00188       MOVWF REG
                      00189       ENDM
                      00190 ;;;;;;;;;;;;;;;;;;;;;;;;;;;;;;;;
                      00191      
000034 6A94           00192      CLRF TRISC
000036 6A96           00193      CLRF TRISE
000038 6A97           00194      CLRF TRISF
00003A 6A98           00195      CLRF TRISG
00003C 6A99           00196      CLRF TRISH
00003E 6A9A           00197      CLRF TRISJ
000040 6A92           00198      CLRF TRISA
000042 6895           00199      SETF TRISD
000044 EC?? F???      00200      CALL PWR_SET
000048 0E00           00201      movlw 0x00
MPASM  5.51                         OVEN1.ASM   5-16-2021  13:46:11         PAGE  5


LOC  OBJECT CODE     LINE SOURCE TEXT
  VALUE

00004A 6E00           00202      movwf R1
00004C 0E00           00203      movlw 0x00
00004E 6E08           00204      movwf R2
000050 0E00           00205      movlw 0x00
000052 6E09           00206      movwf R3
                      00207 
                      00208 
000054 BE83           00209 h1   BTFSC PORTD,7
000056 D???           00210      bra G1
000058 B883           00211      BTFSC PORTD,4
00005A D???           00212      bra Add_10SEC
00005C BA83           00213      BTFSC PORTD,5
00005E D???           00214      bra Add_1MINT
000060 BC83           00215      BTFSC PORTD,6
000062 D???           00216      bra Add_10MINT
000064 D???           00217      bra h1
000066                00218 G1
000066 A882           00219      BTFSS PORTC,4
000068 D???           00220      bra G1
00006A 8088           00221      bsf PORTJ,0
00006C 8288           00222      bsf PORTJ,1
00006E 8080           00223      bsf PORTA,0
000070 8280           00224      bsf PORTA,1
000072 8A82           00225      bsf PORTC,5
                      00226    ;  call Change1
000074 EC?? F???      00227      call  Change2
000078 6A84           00228      CLRF PORTE
00007A 6A85           00229      CLRF PORTF
00007C 6A86           00230      CLRF PORTG
00007E 6A87           00231      CLRF PORTH
000080 8280           00232      bsf PORTA,1
000082 8080           00233      bsf PORTA,0
000084 9A82           00234      bcf PORTC,5
000086 8288           00235      bsf PORTJ,1
000088 8088           00236      bsf PORTJ,0
00008A 8C82           00237      bsf PORTC,6
00008C D???           00238 rem  bra rem
                      00239 ;;;;;;;;;;;;;;;;;;;;;;;;;;;;;;;;;;;;;;;;;;;;;;;;;;;;;;;;;;;
00008E                00240 Change2
00008E EC?? F???      00241      call Change1
000092 5008           00242      movf R2,W
000094 6E05           00243      movwf Check1
000096 6209           00244      cpfseq Limit4
000098 D???           00245      bra ze
00009A D???           00246      bra go
                      00247 
00009C                00248 ze  
00009C 0605           00249       decf Check1,F
00009E 5005           00250 back1 movf Check1,W
0000A0 6E85           00251      movwf PORTF
0000A2 EC?? F???      00252      call Change1
0000A6 0E06           00253      movlw 0x06
0000A8 6E00           00254      movwf R1
MPASM  5.51                         OVEN1.ASM   5-16-2021  13:46:11         PAGE  6


LOC  OBJECT CODE     LINE SOURCE TEXT
  VALUE

0000AA EC?? F???      00255      call Change1
0000AE 0605           00256      DECF Check1,F
0000B0 E1??           00257      BNZ back1
0000B2                00258 go   
0000B2 0E00           00259      movlw 0x00
0000B4 6E85           00260      movwf PORTF
0000B6 0E06           00261      movlw 0x06
0000B8 6E00           00262      movwf R1
0000BA EC?? F???      00263     call Change1
0000BE 0012           00264     return
                      00265 ;;;;;;;;;;;;;;;;;;;;;;;;;;;;;;;;;;;;;;;;;;;;;;;;;;;;;;;;;;;;;;;
0000C0                00266 Change1
0000C0 5000           00267      movf R1,W
0000C2 6E04           00268      movwf Check
0000C4 6208           00269      cpfseq Limit3
0000C6 D???           00270      bra do
0000C8 D???           00271      bra one_time
0000CA                00272 do  
0000CA 0604           00273      decf Check,F
0000CC 5004           00274 back movf Check,W
0000CE 6E86           00275      movwf PORTG
0000D0 EC?? F???      00276      call Change
0000D4 0604           00277      DECF Check,F
0000D6 E1??           00278      BNZ back
0000D8                00279 one_time
0000D8 0E00           00280      movlw 0x00
0000DA 6E86           00281      movwf PORTG
0000DC EC?? F???      00282      call Change
0000E0 0012           00283      return 
                      00284 ;;;;;;;;;;;;;;;;;;;;;;;;;;;;;;;;;;;;;;;;;;;;;;;;;     
0000E2                00285 Change   
0000E2 0E0A           00286      Movlw 0x0A
0000E4 6E00           00287      movwf Q3
0000E6 0E00           00288      movlw 0x00
0000E8 6E08           00289      movwf comp
0000EA 0600           00290 L1   decf Q3,F
0000EC 5000           00291      movf Q3,W
0000EE 6E87           00292      movwf PORTH
0000F0 6208           00293      cpfseq comp
0000F2 D???           00294      bra disp
0000F4 D???           00295      bra exit
0000F6                00296 disp 
0000F6 EC?? F???      00297      call Delay_1s
0000FA 6E87           00298      movwf PORTH
0000FC D???           00299      bra L1  
0000FE                00300 exit 
0000FE 0E00           00301     movlw 0x00
000100 6E87           00302     movwf PORTH
000102 EC?? F???      00303     call Delay_1s
000106 0012           00304     return  
                      00305 ;;;;;;;;;;;;;;;;;;;;;;;;;;;;;;;;;;;;;;;;;;;;;;;;;;;;;;;;;;;;    
000108                00306 Add_10SEC
000108 EC?? F???      00307      call Delay_200ms
MPASM  5.51                         OVEN1.ASM   5-16-2021  13:46:11         PAGE  7


LOC  OBJECT CODE     LINE SOURCE TEXT
  VALUE

00010C A883           00308      BTFSS PORTD,4
00010E D???           00309      bra h1
000110 0E00           00310      movlw 0x00
000112 5000           00311      movf R1,W
000114 0F01           00312      addlw 0x01
000116 6E00           00313      movwf R1
000118 6E86           00314      movwf PORTG
00011A 6405           00315      CPFSGT Limit
00011C D???           00316      bra zero 
00011E D???           00317      bra h1
000120                00318 zero
000120 0E00           00319      movlw 0x00
000122 6E00           00320      movwf R1
000124 6E86           00321      movwf PORTG
000126 D???           00322      bra h1
                      00323 ;;;;;;;;;;;;;;;;;;;;;;;;;;;;;;;;;;;;;;;;;;;;;;;;;;;;;;;;
000128                00324 Add_1MINT
000128 EC?? F???      00325      call Delay_200ms
00012C AA83           00326      BTFSS PORTD,5
00012E D???           00327      bra h1
000130 0E00           00328      movlw 0x00
000132 5008           00329      movf R2,W
000134 0F01           00330      addlw 0x01
000136 6E08           00331      movwf R2
000138 6E85           00332      movwf PORTF
00013A 640A           00333      CPFSGT Limit2
00013C D???           00334      bra zero2 
00013E D???           00335      bra h1
000140                00336 zero2
000140 0E00           00337      movlw 0x00
000142 6E08           00338      movwf R2
000144 6E85           00339      movwf PORTF
000146 D???           00340      bra h1
                      00341 ;;;;;;;;;;;;;;;;;;;;;;;;;;;;;;;;;;;;;;;;;;;;;;;;;;;;;;;;;;;
000148                00342 Add_10MINT
000148 EC?? F???      00343      call Delay_200ms
00014C AC83           00344      BTFSS PORTD,6
00014E D???           00345      bra h1
000150 5009           00346      movf R3,W
000152 0F01           00347      addlw 0x01
000154 6E09           00348      movwf R3
000156 6E84           00349      movwf PORTE
000158 6406           00350      CPFSGT Limit1
00015A D???           00351      bra zero1 
00015C D???           00352      bra h1
00015E                00353 zero1
00015E 0E00           00354      movlw 0x00
000160 6E09           00355      movwf R3
000162 6E84           00356      movwf PORTE
000164 D???           00357      bra h1
                      00358 ;;;;;;;;;;;;;;;;;;;;;;;;;;;;;;;;;;;;;;;;;;;;;;;;;;;;;;;;;;;
000166                00359 PWR_SET
000166 5083           00360 here MOVF PORTD,W 
MPASM  5.51                         OVEN1.ASM   5-16-2021  13:46:11         PAGE  8


LOC  OBJECT CODE     LINE SOURCE TEXT
  VALUE

000168 6000           00361      CPFSLT Count
00016A D???           00362      bra here               
00016C 6E82           00363      movwf PORTC
00016E 0012           00364      RETURN
                      00365      
                      00366 ;;;;;;;;;;;;;;;;;;;;;;;;;;;;;;;;;;;;;;;;;;;;;;;;;;;;;;;;;;;;;;;;;;;;;;;;
000170                00367 Delay_1s
000170 0E05           00368        MOVLW D'5'
000172 6E01           00369        MOVWF Count1
000174 0E30           00370        MOVLW 0x30          ;1:8 PRESCALAR
000176 6ECD           00371        MOVWF T1CON
000178 0E0B           00372 RE     MOVLW 0x0B      
00017A 6ECF           00373        MOVWF TMR1H
00017C 0EDC           00374        MOVLW 0xDC      
00017E 6ECE           00375        MOVWF TMR1L
000180 909E           00376        BCF PIR1,TMR1IF     ;clear timer interupt flag
000182 80CD           00377        BSF T1CON,TMR1ON
000184 A09E           00378 Again  BTFSS PIR1,TMR1IF
000186 D???           00379        BRA Again
000188 909E           00380        BCF PIR1,TMR1ON
00018A 0601           00381        DECF Count1,F
00018C E1??           00382        BNZ RE
00018E 0012           00383        RETURN
                      00384 ;;;;;;;;;;;;;;;;;;;;;;;;;;;;;;;;;;;;;;;;;;;;;
                      00385 ;;;;;;;;;;;;;;;;;;;;;;;;;;;;;;;;;;;;;;;;;;;;;
000190                00386 Delay_10s
000190 0E0A           00387        MOVLW D'10'
000192 6E04           00388        MOVWF Count4
000194 EC?? F???      00389 UP2    CALL Delay_1s
000198 0604           00390        DECF Count4,F
00019A E1??           00391        BNZ UP2
00019C 0012           00392        RETURN
                      00393 ;;;;;;;;;;;;;;;;;;;;;;;;;;;;;;;;;;;;;;;;;;;;;;;;;;;;;;;;;;;;;;;;;
00019E                00394 Delay_1mint
00019E 0E3C           00395        MOVLW D'60'
0001A0 6E02           00396        MOVWF Count2
0001A2 EC?? F???      00397 UP     CALL Delay_1s
0001A6 0602           00398        DECF Count2,F
0001A8 E1??           00399        BNZ UP
0001AA 0012           00400        RETURN
                      00401 ;;;;;;;;;;;;;;;;;;;;;;;;;;;;;;;;;;;;;;;;;;;;;;;;;;   
0001AC                00402 Delay_10mint 
0001AC 0E0A           00403        MOVLW D'10'
0001AE 6E03           00404        MOVWF Count3
0001B0 EC?? F???      00405 UP1    CALL Delay_1mint
0001B4 0603           00406        DECF Count3,F
0001B6 E1??           00407        BNZ UP1
0001B8 0012           00408        RETURN  
                      00409 ;;;;;;;;;;;;;;;;;;;;;;;;;;;;;;;;;;;;;;;;;;;;;
0001BA                00410 Delay_200ms
0001BA 0E30           00411        MOVLW 0x30          ;1:8 PRESCALAR
0001BC 6ECD           00412        MOVWF T1CON
0001BE 0E0B           00413        MOVLW 0x0B      
MPASM  5.51                         OVEN1.ASM   5-16-2021  13:46:11         PAGE  9


LOC  OBJECT CODE     LINE SOURCE TEXT
  VALUE

0001C0 6ECF           00414        MOVWF TMR1H
0001C2 0EDD           00415        MOVLW 0xDD     
0001C4 6ECE           00416        MOVWF TMR1L
0001C6 909E           00417        BCF PIR1,TMR1IF     ;clear timer interupt flag
0001C8 80CD           00418        BSF T1CON,TMR1ON
0001CA A09E           00419 Again1  BTFSS PIR1,TMR1IF
0001CC D???           00420        BRA Again1
0001CE 909E           00421        BCF PIR1,TMR1ON
0001D0 0012           00422        RETURN
                      00423 ;;;;;;;;;;;;;;;;;;;;;;;;;;;;;;;;;;;;;;;;;;;;;
                      00424        
                      00425       END
MPASM  5.51                         OVEN1.ASM   5-16-2021  13:46:11         PAGE 10


SYMBOL TABLE
  LABEL                             VALUE 

A                                 00000000
A16                               00000000
A17                               00000001
A18                               00000002
A19                               00000003
ABDEN                             00000000
ABDEN1                            00000000
ABDEN2                            00000000
ABDOVF                            00000007
ABDOVF1                           00000007
ABDOVF2                           00000007
ACCESS                            00000000
ACKDT                             00000005
ACKDT2                            00000005
ACKEN                             00000004
ACKEN2                            00000004
ACKSTAT                           00000006
ACKSTAT2                          00000006
ACQT0                             00000003
ACQT1                             00000004
ACQT2                             00000005
AD0                               00000000
AD1                               00000001
AD10                              00000002
AD11                              00000003
AD12                              00000004
AD13                              00000005
AD14                              00000006
AD15                              00000007
AD2                               00000002
AD3                               00000003
AD4                               00000004
AD5                               00000005
AD6                               00000006
AD7                               00000007
AD8                               00000000
AD9                               00000001
ADCON0                            00000FC2
ADCON1                            00000FC1
ADCON2                            00000FC0
ADCS0                             00000000
ADCS1                             00000001
ADCS2                             00000002
ADDEN                             00000003
ADDEN1                            00000003
ADDEN2                            00000003
ADFM                              00000007
ADIE                              00000006
ADIF                              00000006
ADIP                              00000006
ADON                              00000000
ADRES                             00000FC3
ADRESH                            00000FC4
MPASM  5.51                         OVEN1.ASM   5-16-2021  13:46:11         PAGE 11


SYMBOL TABLE
  LABEL                             VALUE 

ADRESL                            00000FC3
ALE                               00000000
AN0                               00000000
AN1                               00000001
AN10                              00000005
AN11                              00000006
AN12                              00000004
AN13                              00000005
AN14                              00000006
AN15                              00000007
AN2                               00000002
AN3                               00000003
AN4                               00000005
AN5                               00000000
AN6                               00000001
AN7                               00000002
AN8                               00000003
AN9                               00000004
Add_10MINT                        00000148
Add_10SEC                         00000108
Add_1MINT                         00000128
Again                             00000184
Again1                            000001CA
BA0                               00000004
BANKED                            00000001
BAUDCON                           00000F7E
BAUDCON1                          00000F7E
BAUDCON2                          00000F7C
BCL1IE                            00000003
BCL1IF                            00000003
BCL1IP                            00000003
BCL2IE                            00000006
BCL2IF                            00000006
BCL2IP                            00000006
BCLIE                             00000003
BCLIF                             00000003
BCLIP                             00000003
BF                                00000000
BF2                               00000000
BGST                              00000005
BOR                               00000000
BRG16                             00000003
BRG161                            00000003
BRG162                            00000003
BRGH                              00000002
BRGH1                             00000002
BRGH2                             00000002
BSR                               00000FE0
BSR_TEMP                          00000002
C                                 00000000
C1INV                             00000004
C1OUT_CMCON                       00000006
C1OUT_PORTF                       00000002
MPASM  5.51                         OVEN1.ASM   5-16-2021  13:46:11         PAGE 12


SYMBOL TABLE
  LABEL                             VALUE 

C2INV                             00000005
C2OUT_CMCON                       00000007
C2OUT_PORTF                       00000001
CCP1                              00000002
CCP1CON                           00000FBD
CCP1IE                            00000002
CCP1IF                            00000002
CCP1IP                            00000002
CCP1M0                            00000000
CCP1M1                            00000001
CCP1M2                            00000002
CCP1M3                            00000003
CCP1X                             00000005
CCP1Y                             00000004
CCP2CON                           00000FBA
CCP2IE                            00000000
CCP2IF                            00000000
CCP2IP                            00000000
CCP2M0                            00000000
CCP2M1                            00000001
CCP2M2                            00000002
CCP2M3                            00000003
CCP2X                             00000005
CCP2Y                             00000004
CCP2_PORTB                        00000003
CCP2_PORTC                        00000001
CCP2_PORTE                        00000007
CCP3                              00000000
CCP3CON                           00000FB7
CCP3IE                            00000000
CCP3IF                            00000000
CCP3IP                            00000000
CCP3M0                            00000000
CCP3M1                            00000001
CCP3M2                            00000002
CCP3M3                            00000003
CCP3X                             00000005
CCP3Y                             00000004
CCP4                              00000003
CCP4CON                           00000F73
CCP4IE                            00000001
CCP4IF                            00000001
CCP4IP                            00000001
CCP4M0                            00000000
CCP4M1                            00000001
CCP4M2                            00000002
CCP4M3                            00000003
CCP5                              00000004
CCP5CON                           00000F70
CCP5IE                            00000002
CCP5IF                            00000002
CCP5IP                            00000002
CCP5M0                            00000000
MPASM  5.51                         OVEN1.ASM   5-16-2021  13:46:11         PAGE 13


SYMBOL TABLE
  LABEL                             VALUE 

CCP5M1                            00000001
CCP5M2                            00000002
CCP5M3                            00000003
CCPR1                             00000FBE
CCPR1H                            00000FBF
CCPR1L                            00000FBE
CCPR2                             00000FBB
CCPR2H                            00000FBC
CCPR2L                            00000FBB
CCPR3                             00000FB8
CCPR3H                            00000FB9
CCPR3L                            00000FB8
CCPR4                             00000F74
CCPR4H                            00000F75
CCPR4L                            00000F74
CCPR5                             00000F71
CCPR5H                            00000F72
CCPR5L                            00000F71
CE                                00000005
CFGS                              00000006
CHS0                              00000002
CHS1                              00000003
CHS2                              00000004
CHS3                              00000005
CIS                               00000003
CK                                00000006
CK1                               00000006
CK2                               00000001
CKE                               00000006
CKE2                              00000006
CKP                               00000004
CKP2                              00000004
CM0                               00000000
CM1                               00000001
CM2                               00000002
CMCON                             00000FB4
CMIE                              00000006
CMIF                              00000006
CMIP                              00000006
CREN                              00000004
CREN1                             00000004
CREN2                             00000004
CS                                00000002
CSRC                              00000007
CSRC1                             00000007
CSRC2                             00000007
CVR0                              00000000
CVR1                              00000001
CVR2                              00000002
CVR3                              00000003
CVRCON                            00000FB5
CVREF                             00000005
CVREN                             00000007
MPASM  5.51                         OVEN1.ASM   5-16-2021  13:46:11         PAGE 14


SYMBOL TABLE
  LABEL                             VALUE 

CVROE                             00000006
CVRR                              00000005
CVRSS                             00000004
Change                            000000E2
Change1                           000000C0
Change2                           0000008E
Check                             00000004
Check1                            00000005
Check2                            00000006
Check3                            00000007
Copy                              00000000
Copy1                             00000000
Count                             00000000
Count1                            00000001
Count2                            00000002
Count3                            00000003
Count4                            00000004
County                            00000000
D                                 00000005
DA2                               00000005
DATA_ADDRESS                      00000005
DC                                00000001
DC1B0                             00000004
DC1B1                             00000005
DC2B0                             00000004
DC2B1                             00000005
DC3B0                             00000004
DC3B1                             00000005
DC4B0                             00000004
DC4B1                             00000005
DC5B0                             00000004
DC5B1                             00000005
DCCP4X                            00000005
DCCP4Y                            00000004
DCCP5X                            00000005
DCCP5Y                            00000004
DDRA                              TRISA
DDRB                              TRISB
DDRC                              TRISC
DDRD                              TRISD
DDRE                              TRISE
DDRF                              00000F97
DDRG                              00000F98
DDRH                              00000F99
DDRJ                              00000F9A
DONE                              00000001
DT1                               00000007
DT2                               00000002
D_A                               00000005
D_NOT_A                           00000005
Delay_10mint                      000001AC
Delay_10s                         00000190
Delay_1mint                       0000019E
MPASM  5.51                         OVEN1.ASM   5-16-2021  13:46:11         PAGE 15


SYMBOL TABLE
  LABEL                             VALUE 

Delay_1s                          00000170
Delay_200ms                       000001BA
EBDIS                             00000007
ECCP1                             00000002
ECCP1AS                           00000FB6
ECCP1AS0                          00000004
ECCP1AS1                          00000005
ECCP1AS2                          00000006
ECCP1ASE                          00000007
ECCP1CON                          00000FBD
ECCP1DEL                          00000F79
ECCP2AS                           00000F68
ECCP2AS0                          00000004
ECCP2AS1                          00000005
ECCP2AS2                          00000006
ECCP2ASE                          00000007
ECCP2CON                          00000FBA
ECCP2DEL                          00000F67
ECCP2_PORTB                       00000003
ECCP2_PORTC                       00000001
ECCP2_PORTE                       00000007
ECCP3                             00000000
ECCP3AS                           00000F6A
ECCP3AS0                          00000004
ECCP3AS1                          00000005
ECCP3AS2                          00000006
ECCP3ASE                          00000007
ECCP3CON                          00000FB7
ECCP3DEL                          00000F69
ECCPAS0                           00000004
ECCPAS1                           00000005
ECCPAS2                           00000006
ECCPASE                           00000007
EEADR                             00000FA9
EEADRH                            00000FAA
EECON1                            00000FA6
EECON2                            00000FA7
EEDATA                            00000FA8
EEIE                              00000004
EEIF                              00000004
EEIP                              00000004
EEPGD                             00000007
EXAMPLE                           00000000
FAST                              00000001
FERR                              00000002
FERR1                             00000002
FERR2                             00000002
FLT0                              00000000
FLTS                              00000002
FREE                              00000004
FSR0                              00000000
FSR0H                             00000FEA
FSR0L                             00000FE9
MPASM  5.51                         OVEN1.ASM   5-16-2021  13:46:11         PAGE 16


SYMBOL TABLE
  LABEL                             VALUE 

FSR1                              00000001
FSR1H                             00000FE2
FSR1L                             00000FE1
FSR2                              00000002
FSR2H                             00000FDA
FSR2L                             00000FD9
G1                                00000066
GCEN                              00000007
GCEN2                             00000007
GIE                               00000007
GIEH                              00000007
GIEL                              00000006
GIE_GIEH                          00000007
GO                                00000001
GO_DONE                           00000001
GO_NOT_DONE                       00000001
HLVDCON                           00000FD2
HLVDEN                            00000004
HLVDIE                            00000002
HLVDIF                            00000002
HLVDIN                            00000005
HLVDIP                            00000002
HLVDL0                            00000000
HLVDL1                            00000001
HLVDL2                            00000002
HLVDL3                            00000003
HighInt                           00000000
I2C_DAT                           00000005
I2C_READ                          00000002
I2C_START                         00000003
I2C_STOP                          00000004
IBF                               00000007
IBOV                              00000005
IDLEN                             00000007
INDF0                             00000FEF
INDF1                             00000FE7
INDF2                             00000FDF
INT0                              00000000
INT0E                             00000004
INT0F                             00000001
INT0IE                            00000004
INT0IF                            00000001
INT1                              00000001
INT1E                             00000003
INT1F                             00000000
INT1IE                            00000003
INT1IF                            00000000
INT1IP                            00000006
INT1P                             00000006
INT2                              00000002
INT2E                             00000004
INT2F                             00000001
INT2IE                            00000004
MPASM  5.51                         OVEN1.ASM   5-16-2021  13:46:11         PAGE 17


SYMBOL TABLE
  LABEL                             VALUE 

INT2IF                            00000001
INT2IP                            00000007
INT2P                             00000007
INT3                              00000003
INT3E                             00000005
INT3F                             00000002
INT3IE                            00000005
INT3IF                            00000002
INT3IP                            00000001
INT3P                             00000001
INTCON                            00000FF2
INTCON2                           00000FF1
INTCON3                           00000FF0
INTEDG0                           00000006
INTEDG1                           00000005
INTEDG2                           00000004
INTEDG3                           00000003
INTSRC                            00000007
IOFS                              00000002
IPEN                              00000007
IPR1                              00000F9F
IPR2                              00000FA2
IPR3                              00000FA5
IRCF0                             00000004
IRCF1                             00000005
IRCF2                             00000006
IRVST                             00000005
IVRST                             00000005
KBI0                              00000004
KBI1                              00000005
KBI2                              00000006
KBI3                              00000007
L1                                000000EA
LATA                              00000F89
LATA0                             00000000
LATA1                             00000001
LATA2                             00000002
LATA3                             00000003
LATA4                             00000004
LATA5                             00000005
LATA6                             00000006
LATA7                             00000007
LATB                              00000F8A
LATB0                             00000000
LATB1                             00000001
LATB2                             00000002
LATB3                             00000003
LATB4                             00000004
LATB5                             00000005
LATB6                             00000006
LATB7                             00000007
LATC                              00000F8B
LATC0                             00000000
MPASM  5.51                         OVEN1.ASM   5-16-2021  13:46:11         PAGE 18


SYMBOL TABLE
  LABEL                             VALUE 

LATC1                             00000001
LATC2                             00000002
LATC3                             00000003
LATC4                             00000004
LATC5                             00000005
LATC6                             00000006
LATC7                             00000007
LATD                              00000F8C
LATD0                             00000000
LATD1                             00000001
LATD2                             00000002
LATD3                             00000003
LATD4                             00000004
LATD5                             00000005
LATD6                             00000006
LATD7                             00000007
LATE                              00000F8D
LATE0                             00000000
LATE1                             00000001
LATE2                             00000002
LATE3                             00000003
LATE4                             00000004
LATE5                             00000005
LATE6                             00000006
LATE7                             00000007
LATF                              00000F8E
LATF0                             00000000
LATF1                             00000001
LATF2                             00000002
LATF3                             00000003
LATF4                             00000004
LATF5                             00000005
LATF6                             00000006
LATF7                             00000007
LATG                              00000F8F
LATG0                             00000000
LATG1                             00000001
LATG2                             00000002
LATG3                             00000003
LATG4                             00000004
LATG5                             00000005
LATH                              00000F90
LATH0                             00000000
LATH1                             00000001
LATH2                             00000002
LATH3                             00000003
LATH4                             00000004
LATH5                             00000005
LATH6                             00000006
LATH7                             00000007
LATJ                              00000F91
LATJ0                             00000000
LATJ1                             00000001
MPASM  5.51                         OVEN1.ASM   5-16-2021  13:46:11         PAGE 19


SYMBOL TABLE
  LABEL                             VALUE 

LATJ2                             00000002
LATJ3                             00000003
LATJ4                             00000004
LATJ5                             00000005
LATJ6                             00000006
LATJ7                             00000007
LB                                00000006
LVDCON                            00000FD2
LVDEN                             00000004
LVDIE                             00000002
LVDIF                             00000002
LVDIN                             00000005
LVDIP                             00000002
LVDL0                             00000000
LVDL1                             00000001
LVDL2                             00000002
LVDL3                             00000003
LVV0                              00000000
LVV1                              00000001
LVV2                              00000002
LVV3                              00000003
Limit                             00000005
Limit1                            00000006
Limit2                            0000000A
Limit3                            00000008
Limit4                            00000009
LowInt                            00000002
MCLR                              00000005
MEMCON                            00000F9C
MOVLF                             
Main                              0000001C
N                                 00000004
NOT_A                             00000005
NOT_ADDRESS                       00000005
NOT_BOR                           00000000
NOT_CE                            00000005
NOT_CS                            00000002
NOT_DONE                          00000001
NOT_LB                            00000006
NOT_MCLR                          00000005
NOT_OE                            00000001
NOT_PD                            00000002
NOT_POR                           00000001
NOT_RBPU                          00000007
NOT_RC8                           00000006
NOT_RD                            00000000
NOT_RI                            00000004
NOT_SS1                           00000007
NOT_SS2                           00000007
NOT_T1SYNC                        00000002
NOT_T3SYNC                        00000002
NOT_TO                            00000003
NOT_TX8                           00000006
MPASM  5.51                         OVEN1.ASM   5-16-2021  13:46:11         PAGE 20


SYMBOL TABLE
  LABEL                             VALUE 

NOT_UB                            00000007
NOT_W                             00000002
NOT_WR                            00000001
NOT_WRH                           00000003
NOT_WRITE                         00000002
NOT_WRL                           00000002
NUM                               00000003
OBF                               00000006
OE                                00000001
OERR                              00000001
OERR1                             00000001
OERR2                             00000001
OSCCON                            00000FD3
OSCFIE                            00000007
OSCFIF                            00000007
OSCFIP                            00000007
OSCTUNE                           00000F9B
OSTS                              00000003
OV                                00000003
P                                 00000004
P1A                               00000002
P1B_PORTE                         00000006
P1B_PORTH                         00000007
P1C_PORTE                         00000005
P1C_PORTH                         00000006
P1D                               00000004
P1DC0                             00000000
P1DC1                             00000001
P1DC2                             00000002
P1DC3                             00000003
P1DC4                             00000004
P1DC5                             00000005
P1DC6                             00000006
P1M0                              00000006
P1M1                              00000007
P1RSEN                            00000007
P2A_PORTB                         00000003
P2A_PORTC                         00000001
P2A_PORTE                         00000007
P2B                               00000002
P2C                               00000001
P2D                               00000000
P2DC0                             00000000
P2DC1                             00000001
P2DC2                             00000002
P2DC3                             00000003
P2DC4                             00000004
P2DC5                             00000005
P2DC6                             00000006
P2M0                              00000006
P2M1                              00000007
P2RSEN                            00000007
P3                                00000000
MPASM  5.51                         OVEN1.ASM   5-16-2021  13:46:11         PAGE 21


SYMBOL TABLE
  LABEL                             VALUE 

P3A                               00000000
P3B_PORTE                         00000004
P3B_PORTH                         00000005
P3C_PORTE                         00000003
P3C_PORTH                         00000004
P3D                               00000003
P3DC0                             00000000
P3DC1                             00000001
P3DC2                             00000002
P3DC3                             00000003
P3DC4                             00000004
P3DC5                             00000005
P3DC6                             00000006
P3M0                              00000006
P3M1                              00000007
P3RSEN                            00000007
PC                                00000FF9
PCFG0                             00000000
PCFG1                             00000001
PCFG2                             00000002
PCFG3                             00000003
PCL                               00000FF9
PCLATH                            00000FFA
PCLATU                            00000FFB
PD                                00000002
PDC0                              00000000
PDC1                              00000001
PDC2                              00000002
PDC3                              00000003
PDC4                              00000004
PDC5                              00000005
PDC6                              00000006
PEIE                              00000006
PEIE_GIEL                         00000006
PEN                               00000002
PEN2                              00000002
PIE1                              00000F9D
PIE2                              00000FA0
PIE3                              00000FA3
PIR1                              00000F9E
PIR2                              00000FA1
PIR3                              00000FA4
PLLEN                             00000006
PLUSW0                            00000FEB
PLUSW1                            00000FE3
PLUSW2                            00000FDB
POR                               00000001
PORTA                             00000F80
PORTB                             00000F81
PORTC                             00000F82
PORTD                             00000F83
PORTE                             00000F84
PORTF                             00000F85
MPASM  5.51                         OVEN1.ASM   5-16-2021  13:46:11         PAGE 22


SYMBOL TABLE
  LABEL                             VALUE 

PORTG                             00000F86
PORTH                             00000F87
PORTJ                             00000F88
POSTDEC0                          00000FED
POSTDEC1                          00000FE5
POSTDEC2                          00000FDD
POSTINC0                          00000FEE
POSTINC1                          00000FE6
POSTINC2                          00000FDE
PR2                               00000FCB
PR4                               00000F77
PREINC0                           00000FEC
PREINC1                           00000FE4
PREINC2                           00000FDC
PROD                              00000FF3
PRODH                             00000FF4
PRODL                             00000FF3
PRSEN                             00000007
PSA                               00000003
PSP0                              00000000
PSP1                              00000001
PSP2                              00000002
PSP3                              00000003
PSP4                              00000004
PSP5                              00000005
PSP6                              00000006
PSP7                              00000007
PSPCON                            00000FB0
PSPIE                             00000007
PSPIF                             00000007
PSPIP                             00000007
PSPMODE                           00000004
PSS1AC0                           00000002
PSS1AC1                           00000003
PSS1BD0                           00000000
PSS1BD1                           00000001
PSS2AC0                           00000002
PSS2AC1                           00000003
PSS2BD0                           00000000
PSS2BD1                           00000001
PSS3AC0                           00000002
PSS3AC1                           00000003
PSS3BD0                           00000000
PSS3BD1                           00000001
PSSAC0                            00000002
PSSAC1                            00000003
PSSBD0                            00000000
PSSBD1                            00000001
PWR_SET                           00000166
Q3                                00000000
R                                 00000002
R1                                00000000
R2                                00000008
MPASM  5.51                         OVEN1.ASM   5-16-2021  13:46:11         PAGE 23


SYMBOL TABLE
  LABEL                             VALUE 

R3                                00000009
RA0                               00000000
RA1                               00000001
RA2                               00000002
RA3                               00000003
RA4                               00000004
RA5                               00000005
RA6                               00000006
RA7                               00000007
RB0                               00000000
RB1                               00000001
RB2                               00000002
RB3                               00000003
RB4                               00000004
RB5                               00000005
RB6                               00000006
RB7                               00000007
RBIE                              00000003
RBIF                              00000000
RBIP                              00000000
RBPU                              00000007
RC0                               00000000
RC1                               00000001
RC1IE                             00000005
RC1IF                             00000005
RC1IP                             00000005
RC2                               00000002
RC2IE                             00000005
RC2IF                             00000005
RC2IP                             00000005
RC3                               00000003
RC4                               00000004
RC5                               00000005
RC6                               00000006
RC7                               00000007
RC8_9                             00000006
RC9                               00000006
RCD8                              00000000
RCEN                              00000003
RCEN2                             00000003
RCIDL                             00000006
RCIDL1                            00000006
RCIDL2                            00000006
RCIE                              00000005
RCIF                              00000005
RCIP                              00000005
RCMT                              00000006
RCON                              00000FD0
RCREG                             00000FAE
RCREG1                            00000FAE
RCREG2                            00000F6E
RCSTA                             00000FAB
RCSTA1                            00000FAB
MPASM  5.51                         OVEN1.ASM   5-16-2021  13:46:11         PAGE 24


SYMBOL TABLE
  LABEL                             VALUE 

RCSTA2                            00000F6B
RD                                00000000
RD0                               00000000
RD1                               00000001
RD16                              00000007
RD2                               00000002
RD3                               00000003
RD4                               00000004
RD5                               00000005
RD6                               00000006
RD7                               00000007
RE                                00000178
RE0                               00000000
RE1                               00000001
RE2                               00000002
RE3                               00000003
RE4                               00000004
RE5                               00000005
RE6                               00000006
RE7                               00000007
READ_WRITE                        00000002
RF0                               00000000
RF1                               00000001
RF2                               00000002
RF3                               00000003
RF4                               00000004
RF5                               00000005
RF6                               00000006
RF7                               00000007
RG0                               00000000
RG1                               00000001
RG2                               00000002
RG3                               00000003
RG4                               00000004
RG5                               00000005
RH0                               00000000
RH1                               00000001
RH2                               00000002
RH3                               00000003
RH4                               00000004
RH5                               00000005
RH6                               00000006
RH7                               00000007
RI                                00000004
RJ0                               00000000
RJ1                               00000001
RJ2                               00000002
RJ3                               00000003
RJ4                               00000004
RJ5                               00000005
RJ6                               00000006
RJ7                               00000007
RSEN                              00000001
MPASM  5.51                         OVEN1.ASM   5-16-2021  13:46:11         PAGE 25


SYMBOL TABLE
  LABEL                             VALUE 

RSEN2                             00000001
RW2                               00000002
RX                                00000007
RX1                               00000007
RX2                               00000002
RX9                               00000006
RX91                              00000006
RX92                              00000006
RX9D                              00000000
RX9D1                             00000000
RX9D2                             00000000
R_NOT_W                           00000002
R_W                               00000002
S                                 00000003
SBOREN                            00000006
SCK                               00000003
SCK1                              00000003
SCK2                              00000006
SCKP                              00000004
SCKP1                             00000004
SCKP2                             00000004
SCL                               00000003
SCL1                              00000003
SCL2                              00000006
SCS0                              00000000
SCS1                              00000001
SDA                               00000004
SDA1                              00000004
SDA2                              00000005
SDI                               00000004
SDI1                              00000004
SDI2                              00000005
SDO                               00000005
SDO1                              00000005
SDO2                              00000004
SEN                               00000000
SEN2                              00000000
SEND                              
SENDB                             00000003
SENDB1                            00000003
SENDB2                            00000003
SMP                               00000007
SMP2                              00000007
SP0                               00000000
SP1                               00000001
SP2                               00000002
SP3                               00000003
SP4                               00000004
SPBRG                             00000FAF
SPBRG1                            00000FAF
SPBRG2                            00000F6F
SPBRGH                            00000F7F
SPBRGH1                           00000F7F
MPASM  5.51                         OVEN1.ASM   5-16-2021  13:46:11         PAGE 26


SYMBOL TABLE
  LABEL                             VALUE 

SPBRGH2                           00000F7D
SPEN                              00000007
SPEN1                             00000007
SPEN2                             00000007
SREN                              00000005
SREN1                             00000005
SREN2                             00000005
SS1                               00000007
SS2                               00000007
SSP1ADD                           00000FC8
SSP1BUF                           00000FC9
SSP1CON1                          00000FC6
SSP1CON2                          00000FC5
SSP1IE                            00000003
SSP1IF                            00000003
SSP1IP                            00000003
SSP1STAT                          00000FC7
SSP2ADD                           00000F65
SSP2BUF                           00000F66
SSP2CON1                          00000F63
SSP2CON2                          00000F62
SSP2IE                            00000007
SSP2IF                            00000007
SSP2IP                            00000007
SSP2STAT                          00000F64
SSPADD                            00000FC8
SSPBUF                            00000FC9
SSPCON1                           00000FC6
SSPCON2                           00000FC5
SSPEN                             00000005
SSPEN2                            00000005
SSPIE                             00000003
SSPIF                             00000003
SSPIP                             00000003
SSPM0                             00000000
SSPM02                            00000000
SSPM1                             00000001
SSPM12                            00000001
SSPM2                             00000002
SSPM22                            00000002
SSPM3                             00000003
SSPM32                            00000003
SSPOV                             00000006
SSPOV2                            00000006
SSPSTAT                           00000FC7
START2                            00000003
STATUS                            00000FD8
STATUS_TEMP                       00000001
STKFUL                            00000007
STKOVF                            00000007
STKPTR                            00000FFC
STKPTR0                           00000000
STKPTR1                           00000001
MPASM  5.51                         OVEN1.ASM   5-16-2021  13:46:11         PAGE 27


SYMBOL TABLE
  LABEL                             VALUE 

STKPTR2                           00000002
STKPTR3                           00000003
STKPTR4                           00000004
STKUNF                            00000006
STOP2                             00000004
SWDTE                             00000000
SWDTEN                            00000000
SYNC                              00000004
SYNC1                             00000004
SYNC2                             00000004
T08BIT                            00000006
T0CKI                             00000004
T0CON                             00000FD5
T0CS                              00000005
T0IE                              00000005
T0IF                              00000002
T0IP                              00000002
T0PS0                             00000000
T0PS1                             00000001
T0PS2                             00000002
T0PS3                             00000003
T0SE                              00000004
T13CKI                            00000000
T1CKPS0                           00000004
T1CKPS1                           00000005
T1CON                             00000FCD
T1INSYNC                          00000002
T1OSCEN                           00000003
T1OSI                             00000001
T1OSO                             00000000
T1RUN                             00000006
T1SYNC                            00000002
T2CKPS0                           00000000
T2CKPS1                           00000001
T2CON                             00000FCA
T2OUTPS0                          00000003
T2OUTPS1                          00000004
T2OUTPS2                          00000005
T2OUTPS3                          00000006
T3CCP1                            00000003
T3CCP2                            00000006
T3CKPS0                           00000004
T3CKPS1                           00000005
T3CON                             00000FB1
T3INSYNC                          00000002
T3SYNC                            00000002
T4CKPS0                           00000000
T4CKPS1                           00000001
T4CON                             00000F76
T4OUTPS0                          00000003
T4OUTPS1                          00000004
T4OUTPS2                          00000005
T4OUTPS3                          00000006
MPASM  5.51                         OVEN1.ASM   5-16-2021  13:46:11         PAGE 28


SYMBOL TABLE
  LABEL                             VALUE 

TABLAT                            00000FF5
TBLPTR                            00000FF6
TBLPTRH                           00000FF7
TBLPTRL                           00000FF6
TBLPTRU                           00000FF8
TMR0                              00000FD6
TMR0H                             00000FD7
TMR0IE                            00000005
TMR0IF                            00000002
TMR0IP                            00000002
TMR0L                             00000FD6
TMR0ON                            00000007
TMR1                              00000FCE
TMR1CS                            00000001
TMR1H                             00000FCF
TMR1IE                            00000000
TMR1IF                            00000000
TMR1IP                            00000000
TMR1L                             00000FCE
TMR1ON                            00000000
TMR2                              00000FCC
TMR2IE                            00000001
TMR2IF                            00000001
TMR2IP                            00000001
TMR2ON                            00000002
TMR3                              00000FB2
TMR3CS                            00000001
TMR3H                             00000FB3
TMR3IE                            00000001
TMR3IF                            00000001
TMR3IP                            00000001
TMR3L                             00000FB2
TMR3ON                            00000000
TMR4                              00000F78
TMR4IE                            00000003
TMR4IF                            00000003
TMR4IP                            00000003
TMR4ON                            00000002
TO                                00000003
TOS                               00000FFD
TOSH                              00000FFE
TOSL                              00000FFD
TOSU                              00000FFF
TRISA                             00000F92
TRISA0                            00000000
TRISA1                            00000001
TRISA2                            00000002
TRISA3                            00000003
TRISA4                            00000004
TRISA5                            00000005
TRISA6                            00000006
TRISA7                            00000007
TRISB                             00000F93
MPASM  5.51                         OVEN1.ASM   5-16-2021  13:46:11         PAGE 29


SYMBOL TABLE
  LABEL                             VALUE 

TRISB0                            00000000
TRISB1                            00000001
TRISB2                            00000002
TRISB3                            00000003
TRISB4                            00000004
TRISB5                            00000005
TRISB6                            00000006
TRISB7                            00000007
TRISC                             00000F94
TRISC0                            00000000
TRISC1                            00000001
TRISC2                            00000002
TRISC3                            00000003
TRISC4                            00000004
TRISC5                            00000005
TRISC6                            00000006
TRISC7                            00000007
TRISD                             00000F95
TRISD0                            00000000
TRISD1                            00000001
TRISD2                            00000002
TRISD3                            00000003
TRISD4                            00000004
TRISD5                            00000005
TRISD6                            00000006
TRISD7                            00000007
TRISE                             00000F96
TRISE0                            00000000
TRISE1                            00000001
TRISE2                            00000002
TRISE3                            00000003
TRISE4                            00000004
TRISE5                            00000005
TRISE6                            00000006
TRISE7                            00000007
TRISF                             00000F97
TRISF0                            00000000
TRISF1                            00000001
TRISF2                            00000002
TRISF3                            00000003
TRISF4                            00000004
TRISF5                            00000005
TRISF6                            00000006
TRISF7                            00000007
TRISG                             00000F98
TRISG0                            00000000
TRISG1                            00000001
TRISG2                            00000002
TRISG3                            00000003
TRISG4                            00000004
TRISH                             00000F99
TRISH0                            00000000
TRISH1                            00000001
MPASM  5.51                         OVEN1.ASM   5-16-2021  13:46:11         PAGE 30


SYMBOL TABLE
  LABEL                             VALUE 

TRISH2                            00000002
TRISH3                            00000003
TRISH4                            00000004
TRISH5                            00000005
TRISH6                            00000006
TRISH7                            00000007
TRISJ                             00000F9A
TRISJ0                            00000000
TRISJ1                            00000001
TRISJ2                            00000002
TRISJ3                            00000003
TRISJ4                            00000004
TRISJ5                            00000005
TRISJ6                            00000006
TRISJ7                            00000007
TRMT                              00000001
TRMT1                             00000001
TRMT2                             00000001
TUN0                              00000000
TUN1                              00000001
TUN2                              00000002
TUN3                              00000003
TUN4                              00000004
TX                                00000006
TX1                               00000006
TX1IE                             00000004
TX1IF                             00000004
TX1IP                             00000004
TX2                               00000001
TX2IE                             00000004
TX2IF                             00000004
TX2IP                             00000004
TX8_9                             00000006
TX9                               00000006
TX91                              00000006
TX92                              00000006
TX9D                              00000000
TX9D1                             00000000
TX9D2                             00000000
TXD8                              00000000
TXEN                              00000005
TXEN1                             00000005
TXEN2                             00000005
TXIE                              00000004
TXIF                              00000004
TXIP                              00000004
TXREG                             00000FAD
TXREG1                            00000FAD
TXREG2                            00000F6D
TXSTA                             00000FAC
TXSTA1                            00000FAC
TXSTA2                            00000F6C
UA                                00000001
MPASM  5.51                         OVEN1.ASM   5-16-2021  13:46:11         PAGE 31


SYMBOL TABLE
  LABEL                             VALUE 

UA2                               00000001
UB                                00000007
UP                                000001A2
UP1                               000001B0
UP2                               00000194
VCFG0                             00000004
VCFG1                             00000005
VDIRMAG                           00000007
VREFM                             00000002
VREFP                             00000003
W                                 00000000
WAIT0                             00000004
WAIT1                             00000005
WCOL                              00000007
WCOL2                             00000007
WDTCON                            00000FD1
WM0                               00000000
WM1                               00000001
WR                                00000001
WREG                              00000FE8
WREG_TEMP                         00000000
WREN                              00000002
WRERR                             00000003
WRH                               00000003
WRL                               00000002
WUE                               00000001
WUE1                              00000001
WUE2                              00000001
Z                                 00000002
_ADDRBW_ADDR12BIT_3L              000000DF
_ADDRBW_ADDR16BIT_3L              000000EF
_ADDRBW_ADDR20BIT_3L              000000FF
_ADDRBW_ADDR8BIT_3L               000000CF
_BBSIZ_BB2K_4L                    000000CF
_BBSIZ_BB4K_4L                    000000DF
_BBSIZ_BB8K_4L                    000000EF
_BOREN_NOSLP_2L                   000000FD
_BOREN_OFF_2L                     000000F9
_BOREN_ON_2L                      000000FB
_BOREN_SBORDIS_2L                 000000FF
_BORV_0_2L                        000000E7
_BORV_1_2L                        000000EF
_BORV_2_2L                        000000F7
_BORV_3_2L                        000000FF
_CCP2MX_PORTBE_3H                 000000FE
_CCP2MX_PORTC_3H                  000000FF
_CONFIG1H                         00300001
_CONFIG2H                         00300003
_CONFIG2L                         00300002
_CONFIG3H                         00300005
_CONFIG3L                         00300004
_CONFIG4L                         00300006
_CONFIG5H                         00300009
MPASM  5.51                         OVEN1.ASM   5-16-2021  13:46:11         PAGE 32


SYMBOL TABLE
  LABEL                             VALUE 

_CONFIG5L                         00300008
_CONFIG6H                         0030000B
_CONFIG6L                         0030000A
_CONFIG7H                         0030000D
_CONFIG7L                         0030000C
_CP0_OFF_5L                       000000FF
_CP0_ON_5L                        000000FE
_CP1_OFF_5L                       000000FF
_CP1_ON_5L                        000000FD
_CP2_OFF_5L                       000000FF
_CP2_ON_5L                        000000FB
_CP3_OFF_5L                       000000FF
_CP3_ON_5L                        000000F7
_CP4_OFF_5L                       000000FF
_CP4_ON_5L                        000000EF
_CP5_OFF_5L                       000000FF
_CP5_ON_5L                        000000DF
_CP6_OFF_5L                       000000FF
_CP6_ON_5L                        000000BF
_CP7_OFF_5L                       000000FF
_CP7_ON_5L                        0000007F
_CPB_OFF_5H                       000000FF
_CPB_ON_5H                        000000BF
_CPD_OFF_5H                       000000FF
_CPD_ON_5H                        0000007F
_DATABW_DATA16BIT_3L              000000FF
_DATABW_DATA8BIT_3L               000000BF
_DEBUG_OFF_4L                     000000FF
_DEBUG_ON_4L                      0000007F
_DEVID1                           003FFFFE
_DEVID2                           003FFFFF
_EBTR0_OFF_7L                     000000FF
_EBTR0_ON_7L                      000000FE
_EBTR1_OFF_7L                     000000FF
_EBTR1_ON_7L                      000000FD
_EBTR2_OFF_7L                     000000FF
_EBTR2_ON_7L                      000000FB
_EBTR3_OFF_7L                     000000FF
_EBTR3_ON_7L                      000000F7
_EBTR4_OFF_7L                     000000FF
_EBTR4_ON_7L                      000000EF
_EBTR5_OFF_7L                     000000FF
_EBTR5_ON_7L                      000000DF
_EBTR6_OFF_7L                     000000FF
_EBTR6_ON_7L                      000000BF
_EBTR7_OFF_7L                     000000FF
_EBTR7_ON_7L                      0000007F
_EBTRB_OFF_7H                     000000FF
_EBTRB_ON_7H                      000000BF
_ECCPMX_PORTE_3H                  000000FF
_ECCPMX_PORTH_3H                  000000FD
_FCMEN_OFF_1H                     000000BF
_FCMEN_ON_1H                      000000FF
MPASM  5.51                         OVEN1.ASM   5-16-2021  13:46:11         PAGE 33


SYMBOL TABLE
  LABEL                             VALUE 

_IDLOC0                           00200000
_IDLOC1                           00200001
_IDLOC2                           00200002
_IDLOC3                           00200003
_IDLOC4                           00200004
_IDLOC5                           00200005
_IDLOC6                           00200006
_IDLOC7                           00200007
_IESO_OFF_1H                      0000007F
_IESO_ON_1H                       000000FF
_LPT1OSC_OFF_3H                   000000FB
_LPT1OSC_ON_3H                    000000FF
_LVP_OFF_4L                       000000FB
_LVP_ON_4L                        000000FF
_MCLRE_OFF_3H                     0000007F
_MCLRE_ON_3H                      000000FF
_MODE_EM_3L                       000000FC
_MODE_MC_3L                       000000FF
_MODE_MPB_3L                      000000FD
_MODE_MP_3L                       000000FE
_OSC_ECIO6_1H                     000000F5
_OSC_EC_1H                        000000F4
_OSC_HSPLL_1H                     000000F6
_OSC_HS_1H                        000000F2
_OSC_INTIO67_1H                   000000F8
_OSC_INTIO7_1H                    000000F9
_OSC_LP_1H                        000000F0
_OSC_RCIO6_1H                     000000F7
_OSC_RC_1H                        000000F3
_OSC_XT_1H                        000000F1
_PWRT_OFF_2L                      000000FF
_PWRT_ON_2L                       000000FE
_STVREN_OFF_4L                    000000FE
_STVREN_ON_4L                     000000FF
_WAIT_OFF_3L                      000000FF
_WAIT_ON_3L                       0000007F
_WDTPS_1024_2H                    000000F5
_WDTPS_128_2H                     000000EF
_WDTPS_16384_2H                   000000FD
_WDTPS_16_2H                      000000E9
_WDTPS_1_2H                       000000E1
_WDTPS_2048_2H                    000000F7
_WDTPS_256_2H                     000000F1
_WDTPS_2_2H                       000000E3
_WDTPS_32768_2H                   000000FF
_WDTPS_32_2H                      000000EB
_WDTPS_4096_2H                    000000F9
_WDTPS_4_2H                       000000E5
_WDTPS_512_2H                     000000F3
_WDTPS_64_2H                      000000ED
_WDTPS_8192_2H                    000000FB
_WDTPS_8_2H                       000000E7
_WDT_OFF_2H                       000000FE
MPASM  5.51                         OVEN1.ASM   5-16-2021  13:46:11         PAGE 34


SYMBOL TABLE
  LABEL                             VALUE 

_WDT_ON_2H                        000000FF
_WRT0_OFF_6L                      000000FF
_WRT0_ON_6L                       000000FE
_WRT1_OFF_6L                      000000FF
_WRT1_ON_6L                       000000FD
_WRT2_OFF_6L                      000000FF
_WRT2_ON_6L                       000000FB
_WRT3_OFF_6L                      000000FF
_WRT3_ON_6L                       000000F7
_WRT4_OFF_6L                      000000FF
_WRT4_ON_6L                       000000EF
_WRT5_OFF_6L                      000000FF
_WRT5_ON_6L                       000000DF
_WRT6_OFF_6L                      000000FF
_WRT6_ON_6L                       000000BF
_WRT7_OFF_6L                      000000FF
_WRT7_ON_6L                       0000007F
_WRTB_OFF_6H                      000000FF
_WRTB_ON_6H                       000000BF
_WRTC_OFF_6H                      000000FF
_WRTC_ON_6H                       000000DF
_WRTD_OFF_6H                      000000FF
_WRTD_ON_6H                       0000007F
_XINST_OFF_4L                     000000BF
_XINST_ON_4L                      000000FF
__18F8722                         00000001
back                              000000CC
back1                             0000009E
comp                              00000008
comp1                             00000003
disp                              000000F6
do                                000000CA
exit                              000000FE
go                                000000B2
h1                                00000054
here                              00000166
one_time                          000000D8
rem                               0000008C
ze                                0000009C
zero                              00000120
zero1                             0000015E
zero2                             00000140

Errors   :     0
Warnings :     0 reported,     0 suppressed
Messages :     0 reported,     0 suppressed

