MPASM  5.51                           2ND.ASM   3-2-2021  20:06:41         PAGE  1


LOC  OBJECT CODE     LINE SOURCE TEXT
  VALUE

                      00001 ;;;;;;; P0 template AC;;;;;;;;;;;;;;;;;;;;;;;;;;;;;;;;;;;;;;;;;;;;;;;;
                      00002 ;
                      00003 ; Use 10 MHz crystal frequency.
                      00004 ; Use Timer0 for ten millisecond looptime.
                      00005 ; Toggle C2 output every ten milliseconds for measuring looptime precisely.
                      00006 ;
                      00007 ;;;;;;; Program hierarchy ;;;;;;;;;;;;;;;;;;;;;;;;;;;;;;;;;;;;;;;;;;;;;;;;;;;;;
                      00008 ;
                      00009 ; Mainline
                      00010 ;   Initial
                      00011 ;   BlinkAlive
                      00012 ;   LoopTime
                      00013 ;
                      00014 ;;;;;;; Assembler directives ;;;;;;;;;;;;;;;;;;;;;;;;;;;;;;;;;;;;;;;;;;;;;;;;;;
                      00015 
                      00016         list  P=PIC18F4520, F=INHX32, C=160, N=0, ST=OFF, MM=OFF, R=DEC, X=ON
                      00017         #include <P18F4520.inc>
                      00001         LIST
                      00002 
                      00003 ;==========================================================================
                      00004 ;  MPASM PIC18F4520 processor include
                      00005 ; 
                      00006 ;  (c) Copyright 1999-2013 Microchip Technology, All rights reserved
                      00007 ;==========================================================================
                      00008 
                      01488         LIST
Warning[230]: __CONFIG has been deprecated for PIC18 devices.  Use directive CONFIG.
300000 F2FF           00018         __CONFIG  _CONFIG1H, _OSC_HS_1H  ;HS oscillator
Warning[230]: __CONFIG has been deprecated for PIC18 devices.  Use directive CONFIG.
                      00019         __CONFIG  _CONFIG2L, _PWRT_ON_2L & _BOREN_ON_2L & _BORV_2_2L  ;Reset
Warning[230]: __CONFIG has been deprecated for PIC18 devices.  Use directive CONFIG.
300002 FEF2           00020         __CONFIG  _CONFIG2H, _WDT_OFF_2H  ;Watchdog timer disabled
Warning[230]: __CONFIG has been deprecated for PIC18 devices.  Use directive CONFIG.
300004 FFFF           00021         __CONFIG  _CONFIG3H, _CCP2MX_PORTC_3H  ;CCP2 to RC1 (rather than to RB3)
Warning[230]: __CONFIG has been deprecated for PIC18 devices.  Use directive CONFIG.
300006 FFBB           00022         __CONFIG  _CONFIG4L, _LVP_OFF_4L & _XINST_OFF_4L  ;RB5 enabled for I/O
                      00023         errorlevel -314, -315          ;Ignore lfsr messages
                      00024 
                      00025 ;;;;;;; Variables ;;;;;;;;;;;;;;;;;;;;;;;;;;;;;;;;;;;;;;;;;;;;;;;;;;;;;;;;;;;;;
                      00026 
                      00027         cblock  0x000           ;Beginning of Access RAM
  00000000            00028         TMR0LCOPY               ;Copy of sixteen-bit Timer0 used by LoopTime
  00000001            00029         TMR0HCOPY
  00000002            00030         INTCONCOPY              ;Copy of INTCON for LoopTime subroutine
  00000003            00031         ALIVECNT                ;Counter for blinking "Alive" LED
                      00032         endc
                      00033 
                      00034 ;;;;;;; Macro definitions ;;;;;;;;;;;;;;;;;;;;;;;;;;;;;;;;;;;;;;;;;;;;;;;;;;;;;
                      00035 
                      00036 MOVLF   macro  literal,dest
                      00037         movlw  literal                  ;move literal value to WREG
                      00038         movwf  dest                             ;move WREG to f= dest, which is specified by user
                      00039         endm
                      00040 
                      00041 ;;;;;;; Vectors ;;;;;;;;;;;;;;;;;;;;;;;;;;;;;;;;;;;;;;;;;;;;;;;;;;;;;;;;;;;;;;;
                      00042 
                      00043         org  0x0000             ;Reset vector, READ Section 5.7
000000 0000           00044         nop
000002 EF?? F???      00045         goto  Mainline                  ;goes to Mainline; thus skipping the interrupts below
                      00046         org  0x0008             ;High priority interrupt vector
000008 EF?? F???      00047         goto  $                 ;Trap
                      00048 
                      00049         org  0x0018             ;Low priority interrupt vector
000018 EF?? F???      00050         goto  $                 ;Trap
                      00051 
                      00052 ;;;;;;; Mainline program ;;;;;;;;;;;;;;;;;;;;;;;;;;;;;;;;;;;;;;;;;;;;;;;;;;;;;;
                      00053 
00001C                00054 Mainline
00001C D???           00055         rcall  Initial               ;Initialize everything
00001E                00056 Loop
00001E 7680           00057         btg PORTA,RA3                ;toggle bit RA3 of PORTA
000020 7682           00058         btg PORTC,RC3                ;toggle bit RC3 of PORTA
                      00059         MOVLF 1,ALIVECNT             ;both output pins set high for 3 cycle of reference signal RC2
000022 0E01               M         movlw  1                        ;move literal value to WREG
000024 6E03               M         movwf  ALIVECNT                         ;move WREG to f= dest, which is specified by user
000026 D???           00060         rcall BlinkAlive             ;call blinkalive subroutine 
                      00061         
000028 7680           00062         btg PORTA,RA3                ;toggle bit RA3 of PORTA for low
00002A 7682           00063         btg PORTC,RC3                ;toggle bit RA3 of PORTA for low
                      00064         MOVLF 4,ALIVECNT             ;both output pins kept low for 5 cycle of reference signal RC2
00002C 0E04               M         movlw  4                        ;move literal value to WREG
00002E 6E03               M         movwf  ALIVECNT                         ;move WREG to f= dest, which is specified by user
000030 D???           00065         rcall BlinkAlive             ;call blinkalive subroutine 
                      00066 
000032 D???           00067         bra  Loop
                      00068 
000034                00069 BlinkAlive
000034 7482           00070         btg   PORTC,RC2              ;toggle pin as refernce signal
000036 D???           00071         rcall LoopTime               ; creating delay for 0.1ms
000038 0603           00072         decf  ALIVECNT,F             ;decrement alivecnt for 1 value
00003A E1??           00073         bnz   BlinkAlive             ;branch to blinkalive tag if not equal to zero
00003C 0012           00074       return                         ; else return to main 
                      00075 
                      00076 ;;;;;;; Initial subroutine ;;;;;;;;;;;;;;;;;;;;;;;;;;;;;;;;;;;;;;;;;;;;;;;;;;;;
                      00077 ;
                      00078 ; This subroutine performs all initializations of variables and registers.
                      00079 
00003E                00080 Initial
                      00081         MOVLF  B'10001110',ADCON1  ;Enable PORTA & PORTE digital I/O pins
00003E 0E8E               M         movlw  B'10001110'              ;move literal value to WREG
000040 6EC1               M         movwf  ADCON1                           ;move WREG to f= dest, which is specified by user
                      00082         MOVLF  B'11100001',TRISA  ;Set I/O for PORTA 0 = output, 1 = input
000042 0EE1               M         movlw  B'11100001'              ;move literal value to WREG
000044 6E92               M         movwf  TRISA                            ;move WREG to f= dest, which is specified by user
                      00083         MOVLF  B'11011100',TRISB  ;Set I/O for PORTB
000046 0EDC               M         movlw  B'11011100'              ;move literal value to WREG
000048 6E93               M         movwf  TRISB                            ;move WREG to f= dest, which is specified by user
                      00084         MOVLF  B'11010000',TRISC  ;Set I/0 for PORTC
00004A 0ED0               M         movlw  B'11010000'              ;move literal value to WREG
00004C 6E94               M         movwf  TRISC                            ;move WREG to f= dest, which is specified by user
                      00085         MOVLF  B'00001111',TRISD  ;Set I/O for PORTD
00004E 0E0F               M         movlw  B'00001111'              ;move literal value to WREG
000050 6E95               M         movwf  TRISD                            ;move WREG to f= dest, which is specified by user
                      00086         MOVLF  B'00000000',TRISE  ;Set I/O for PORTE
000052 0E00               M         movlw  B'00000000'              ;move literal value to WREG
000054 6E96               M         movwf  TRISE                            ;move WREG to f= dest, which is specified by user
                      00087         MOVLF  B'10001000',T0CON  ;Set up Timer0 for a looptime of 0.1 ms;  bit7=1 enables timer; bit3=1 bypass prescaler
000056 0E88               M         movlw  B'10001000'              ;move literal value to WREG
000058 6ED5               M         movwf  T0CON                            ;move WREG to f= dest, which is specified by user
                      00088         MOVLF  B'00010000',PORTA  ;Turn off all four LEDs driven from PORTA ; See pin diagrams of Page 5 in DataSheet
00005A 0E10               M         movlw  B'00010000'              ;move literal value to WREG
00005C 6E80               M         movwf  PORTA                            ;move WREG to f= dest, which is specified by user
                      00089         
                      00090                 MOVLF  B'11111111',TMR0H ;ADDED by AC
00005E 0EFF               M         movlw  B'11111111'              ;move literal value to WREG
000060 6ED7               M         movwf  TMR0H                            ;move WREG to f= dest, which is specified by user
                      00091         MOVLF  B'00000000',TMR0L ;ADDED by AC
000062 0E00               M         movlw  B'00000000'              ;move literal value to WREG
000064 6ED6               M         movwf  TMR0L                            ;move WREG to f= dest, which is specified by user
                      00092                 MOVLF  B'00000001',ALIVECNT ;ADDED by AC
000066 0E01               M         movlw  B'00000001'              ;move literal value to WREG
000068 6E03               M         movwf  ALIVECNT                         ;move WREG to f= dest, which is specified by user
Warning[203]: Found opcode in column 1. (return)
00006A 0012           00093 return
                      00094 
                      00095 ;;;;;;; LoopTime subroutine ;;;;;;;;;;;;;;;;;;;;;;;;;;;;;;;;;;;;;;;;;;;;;;;;;;;
                      00096 ;
                      00097 ; This subroutine waits for Timer0 to complete its ten millisecond count
                      00098 ; sequence. It does so by waiting for sixteen-bit Timer0 to roll over. To obtain
                      00099 ; a period of precisely 100/0.4 = 250 clock periods, it needs to remove
                      00100 ; 65536-250 or 65286 counts from the sixteen-bit count sequence.  The
                      00101 ; algorithm below first copies Timer0 to RAM, adds "Bignum" to the copy ,and
                      00102 ; then writes the result back to Timer0. It actually needs to add somewhat more
                      00103 ; counts to Timer0 than 65286.  The extra number of 12+2 counts added into
                      00104 ; "Bignum" makes the precise correction.
                      00105 
  0000FF14            00106 Bignum  equ     65536-250+12+2
                      00107 
00006C                00108 LoopTime
00006C A4F2           00109         btfss  INTCON,TMR0IF    ;Wait until 0.1 milliseconds are up OR check if bit TMR0IF of INTCON == 1, skip next line if true
00006E D???           00110         bra  LoopTime
000070 CFF2 F002      00111         movff  INTCON,INTCONCOPY  ;Disable all interrupts to CPU
000074 9EF2           00112         bcf  INTCON,GIEH
000076 CFD6 F000      00113         movff  TMR0L,TMR0LCOPY  ;Read 16-bit counter at this moment
00007A CFD7 F001      00114         movff  TMR0H,TMR0HCOPY
00007E 0E14           00115         movlw  low  Bignum
000080 2600           00116         addwf  TMR0LCOPY,F
000082 0EFF           00117         movlw  high  Bignum
000084 2201           00118         addwfc  TMR0HCOPY,F
000086 C001 FFD7      00119         movff  TMR0HCOPY,TMR0H
00008A C000 FFD6      00120         movff  TMR0LCOPY,TMR0L  ;Write 16-bit counter at this moment
00008E 5002           00121         movf  INTCONCOPY,W      ;Restore GIEH interrupt enable bit
000090 0B80           00122         andlw  B'10000000'
000092 12F2           00123         iorwf  INTCON,F
000094 94F2           00124         bcf  INTCON,TMR0IF      ;Clear Timer0 flag
000096 0012           00125         return
                      00126 
                      00127 ;;;;;;; BlinkAlive subroutine ;;;;;;;;;;;;;;;;;;;;;;;;;;;;;;;;;;;;;;;;;;;;;;;;;
                      00128 ;
                      00129 ; This subroutine briefly blinks the LED next to the PIC every two-and-a-half
                      00130 ; seconds.
                      00131 
F2FF FEF2 FFFF FFBB   00132         end

Errors   :     0
Warnings :     6 reported,     0 suppressed
Messages :     0 reported,     0 suppressed

